Flow report for exp41
Mon Oct 17 19:11:58 2016
Quartus II 64-Bit Version 13.1.4 Build 182 03/12/2014 SJ Web Edition


---------------------
; Table of Contents ;
---------------------
  1. Legal Notice
  2. Flow Summary
  3. Flow Settings
  4. Flow Non-Default Global Settings
  5. Flow Elapsed Time
  6. Flow OS Summary
  7. Flow Log
  8. Flow Messages
  9. Flow Suppressed Messages



----------------
; Legal Notice ;
----------------
Copyright (C) 1991-2014 Altera Corporation
Your use of Altera Corporation's design tools, logic functions 
and other software and tools, and its AMPP partner logic 
functions, and any output files from any of the foregoing 
(including device programming or simulation files), and any 
associated documentation or information are expressly subject 
to the terms and conditions of the Altera Program License 
Subscription Agreement, Altera MegaCore Function License 
Agreement, or other applicable license agreement, including, 
without limitation, that your use is for the sole purpose of 
programming logic devices manufactured by Altera and sold by 
Altera or its authorized distributors.  Please refer to the 
applicable agreement for further details.



+---------------------------------------------------------------------------------+
; Flow Summary                                                                    ;
+------------------------------------+--------------------------------------------+
; Flow Status                        ; Successful - Mon Oct 17 19:11:58 2016      ;
; Quartus II 64-Bit Version          ; 13.1.4 Build 182 03/12/2014 SJ Web Edition ;
; Revision Name                      ; exp41                                      ;
; Top-level Entity Name              ; exp41                                      ;
; Family                             ; Cyclone IV E                               ;
; Device                             ; EP4CE115F29C7                              ;
; Timing Models                      ; Final                                      ;
; Total logic elements               ; 3,164 / 114,480 ( 3 % )                    ;
;     Total combinational functions  ; 2,878 / 114,480 ( 3 % )                    ;
;     Dedicated logic registers      ; 1,879 / 114,480 ( 2 % )                    ;
; Total registers                    ; 1998                                       ;
; Total pins                         ; 189 / 529 ( 36 % )                         ;
; Total virtual pins                 ; 0                                          ;
; Total memory bits                  ; 12,800 / 3,981,312 ( < 1 % )               ;
; Embedded Multiplier 9-bit elements ; 0 / 532 ( 0 % )                            ;
; Total PLLs                         ; 1 / 4 ( 25 % )                             ;
+------------------------------------+--------------------------------------------+


+-----------------------------------------+
; Flow Settings                           ;
+-------------------+---------------------+
; Option            ; Setting             ;
+-------------------+---------------------+
; Start date & time ; 10/17/2016 19:09:58 ;
; Main task         ; Compilation         ;
; Revision Name     ; exp41               ;
+-------------------+---------------------+


+----------------------------------------------------------------------------------------------------------------------+
; Flow Non-Default Global Settings                                                                                     ;
+-------------------------------------+---------------------------------+---------------+-------------+----------------+
; Assignment Name                     ; Value                           ; Default Value ; Entity Name ; Section Id     ;
+-------------------------------------+---------------------------------+---------------+-------------+----------------+
; COMPILER_SIGNATURE_ID               ; 128120923901382.147670259806752 ; --            ; --          ; --             ;
; EDA_OUTPUT_DATA_FORMAT              ; Vhdl                            ; --            ; --          ; eda_simulation ;
; EDA_SIMULATION_TOOL                 ; ModelSim-Altera (VHDL)          ; <None>        ; --          ; --             ;
; MAX_CORE_JUNCTION_TEMP              ; 85                              ; --            ; --          ; --             ;
; MIN_CORE_JUNCTION_TEMP              ; 0                               ; --            ; --          ; --             ;
; NOMINAL_CORE_SUPPLY_VOLTAGE         ; 1.2V                            ; --            ; --          ; --             ;
; PARTITION_COLOR                     ; 16764057                        ; --            ; --          ; Top            ;
; PARTITION_FITTER_PRESERVATION_LEVEL ; PLACEMENT_AND_ROUTING           ; --            ; --          ; Top            ;
; PARTITION_NETLIST_TYPE              ; SOURCE                          ; --            ; --          ; Top            ;
; PROJECT_OUTPUT_DIRECTORY            ; output_files                    ; --            ; --          ; --             ;
+-------------------------------------+---------------------------------+---------------+-------------+----------------+


+-------------------------------------------------------------------------------------------------------------------------------+
; Flow Elapsed Time                                                                                                             ;
+---------------------------+--------------+-------------------------+---------------------+------------------------------------+
; Module Name               ; Elapsed Time ; Average Processors Used ; Peak Virtual Memory ; Total CPU Time (on all processors) ;
+---------------------------+--------------+-------------------------+---------------------+------------------------------------+
; Analysis & Synthesis      ; 00:00:09     ; 1.0                     ; 561 MB              ; 00:00:05                           ;
; Fitter                    ; 00:01:07     ; 1.0                     ; 1081 MB             ; 00:00:57                           ;
; Assembler                 ; 00:00:09     ; 1.0                     ; 518 MB              ; 00:00:09                           ;
; TimeQuest Timing Analyzer ; 00:00:11     ; 1.0                     ; 629 MB              ; 00:00:09                           ;
; EDA Netlist Writer        ; 00:00:12     ; 1.0                     ; 503 MB              ; 00:00:10                           ;
; Total                     ; 00:01:48     ; --                      ; --                  ; 00:01:30                           ;
+---------------------------+--------------+-------------------------+---------------------+------------------------------------+


+----------------------------------------------------------------------------------------+
; Flow OS Summary                                                                        ;
+---------------------------+------------------+-----------+------------+----------------+
; Module Name               ; Machine Hostname ; OS Name   ; OS Version ; Processor type ;
+---------------------------+------------------+-----------+------------+----------------+
; Analysis & Synthesis      ; DELL-BH1TAN      ; Windows 7 ; 6.2        ; x86_64         ;
; Fitter                    ; DELL-BH1TAN      ; Windows 7 ; 6.2        ; x86_64         ;
; Assembler                 ; DELL-BH1TAN      ; Windows 7 ; 6.2        ; x86_64         ;
; TimeQuest Timing Analyzer ; DELL-BH1TAN      ; Windows 7 ; 6.2        ; x86_64         ;
; EDA Netlist Writer        ; DELL-BH1TAN      ; Windows 7 ; 6.2        ; x86_64         ;
+---------------------------+------------------+-----------+------------+----------------+


------------
; Flow Log ;
------------
quartus_map --read_settings_files=on --write_settings_files=off exp41 -c exp41
quartus_fit --read_settings_files=off --write_settings_files=off exp41 -c exp41
quartus_asm --read_settings_files=off --write_settings_files=off exp41 -c exp41
quartus_sta exp41 -c exp41
quartus_eda --read_settings_files=off --write_settings_files=off exp41 -c exp41



